# JRE version: OpenJDK Runtime Environment (11.0.2+9) (build 11.0.2+9)
# Java VM: OpenJDK 64-Bit Server VM (11.0.2+9, mixed mode, tiered, compressed oops, g1 gc, linux-amd64)
Heap:
 garbage-first heap   total 315392K, used 54896K [0x00000000c2c00000, 0x0000000100000000)
  region size 1024K, 1 young (1024K), 1 survivors (1024K)
 Metaspace       used 18558K, capacity 19283K, committed 19840K, reserved 1067008K
  class space    used 1756K, capacity 2011K, committed 2176K, reserved 1048576K
GC Heap History (10 events):
Event: 2876.149 GC heap after
{Heap after GC invocations=2760 (full 462):
 garbage-first heap   total 157696K, used 54892K [0x00000000c2c00000, 0x0000000100000000)
  region size 1024K, 1 young (1024K), 1 survivors (1024K)
 Metaspace       used 18558K, capacity 19283K, committed 19840K, reserved 1067008K
  class space    used 1756K, capacity 2011K, committed 2176K, reserved 1048576K
}
Event: 2876.257 GC heap before
{Heap before GC invocations=2761 (full 462):
 garbage-first heap   total 157696K, used 75372K [0x00000000c2c00000, 0x0000000100000000)
  region size 1024K, 2 young (2048K), 1 survivors (1024K)
 Metaspace       used 18558K, capacity 19283K, committed 19840K, reserved 1067008K
  class space    used 1756K, capacity 2011K, committed 2176K, reserved 1048576K
}
Event: 2876.260 GC heap after
{Heap after GC invocations=2762 (full 462):
 garbage-first heap   total 157696K, used 54894K [0x00000000c2c00000, 0x0000000100000000)
  region size 1024K, 1 young (1024K), 1 survivors (1024K)
 Metaspace       used 18558K, capacity 19283K, committed 19840K, reserved 1067008K
  class space    used 1756K, capacity 2011K, committed 2176K, reserved 1048576K
}
Event: 2876.411 GC heap before
{Heap before GC invocations=2763 (full 462):
 garbage-first heap   total 157696K, used 70254K [0x00000000c2c00000, 0x0000000100000000)
  region size 1024K, 2 young (2048K), 1 survivors (1024K)
 Metaspace       used 18558K, capacity 19283K, committed 19840K, reserved 1067008K
  class space    used 1756K, capacity 2011K, committed 2176K, reserved 1048576K
}
Event: 2876.415 GC heap after
{Heap after GC invocations=2764 (full 462):
 garbage-first heap   total 157696K, used 54894K [0x00000000c2c00000, 0x0000000100000000)
  region size 1024K, 1 young (1024K), 1 survivors (1024K)
 Metaspace       used 18558K, capacity 19283K, committed 19840K, reserved 1067008K
  class space    used 1756K, capacity 2011K, committed 2176K, reserved 1048576K
}
Event: 2876.503 GC heap before
{Heap before GC invocations=2765 (full 462):
 garbage-first heap   total 157696K, used 70254K [0x00000000c2c00000, 0x0000000100000000)
  region size 1024K, 2 young (2048K), 1 survivors (1024K)
 Metaspace       used 18558K, capacity 19283K, committed 19840K, reserved 1067008K
  class space    used 1756K, capacity 2011K, committed 2176K, reserved 1048576K
}
Event: 2876.506 GC heap after
{Heap after GC invocations=2766 (full 462):
 garbage-first heap   total 157696K, used 54892K [0x00000000c2c00000, 0x0000000100000000)
  region size 1024K, 1 young (1024K), 1 survivors (1024K)
 Metaspace       used 18558K, capacity 19283K, committed 19840K, reserved 1067008K
  class space    used 1756K, capacity 2011K, committed 2176K, reserved 1048576K
}
Event: 2876.592 GC heap before
{Heap before GC invocations=2767 (full 462):
 garbage-first heap   total 157696K, used 70252K [0x00000000c2c00000, 0x0000000100000000)
  region size 1024K, 2 young (2048K), 1 survivors (1024K)
 Metaspace       used 18558K, capacity 19283K, committed 19840K, reserved 1067008K
  class space    used 1756K, capacity 2011K, committed 2176K, reserved 1048576K
}
Event: 2876.596 GC heap after
{Heap after GC invocations=2768 (full 462):
 garbage-first heap   total 157696K, used 54892K [0x00000000c2c00000, 0x0000000100000000)
  region size 1024K, 1 young (1024K), 1 survivors (1024K)
 Metaspace       used 18558K, capacity 19283K, committed 19840K, reserved 1067008K
  class space    used 1756K, capacity 2011K, committed 2176K, reserved 1048576K
}
Event: 2876.679 GC heap before
{Heap before GC invocations=2769 (full 462):
 garbage-first heap   total 157696K, used 70252K [0x00000000c2c00000, 0x0000000100000000)
  region size 1024K, 2 young (2048K), 1 survivors (1024K)
 Metaspace       used 18558K, capacity 19283K, committed 19840K, reserved 1067008K
  class space    used 1756K, capacity 2011K, committed 2176K, reserved 1048576K
}

