# JRE version: OpenJDK Runtime Environment (11.0.2+9) (build 11.0.2+9)
# Java VM: OpenJDK 64-Bit Server VM (11.0.2+9, mixed mode, tiered, compressed oops, g1 gc, linux-amd64)
Heap:
 garbage-first heap   total 306176K, used 48352K [0x00000000c2c00000, 0x0000000100000000)
  region size 1024K, 1 young (1024K), 1 survivors (1024K)
 Metaspace       used 17237K, capacity 17538K, committed 18432K, reserved 1064960K
  class space    used 1629K, capacity 1758K, committed 2048K, reserved 1048576K
GC Heap History (10 events):
Event: 2017.855 GC heap after
{Heap after GC invocations=248 (full 111):
 garbage-first heap   total 137216K, used 44251K [0x00000000c2c00000, 0x0000000100000000)
  region size 1024K, 0 young (0K), 0 survivors (0K)
 Metaspace       used 17237K, capacity 17538K, committed 18432K, reserved 1064960K
  class space    used 1629K, capacity 1758K, committed 2048K, reserved 1048576K
}
Event: 2017.900 GC heap before
{Heap before GC invocations=248 (full 111):
 garbage-first heap   total 137216K, used 48347K [0x00000000c2c00000, 0x0000000100000000)
  region size 1024K, 1 young (1024K), 0 survivors (0K)
 Metaspace       used 17237K, capacity 17538K, committed 18432K, reserved 1064960K
  class space    used 1629K, capacity 1758K, committed 2048K, reserved 1048576K
}
Event: 2017.939 GC heap after
{Heap after GC invocations=249 (full 112):
 garbage-first heap   total 137216K, used 48347K [0x00000000c2c00000, 0x0000000100000000)
  region size 1024K, 0 young (0K), 0 survivors (0K)
 Metaspace       used 17237K, capacity 17538K, committed 18432K, reserved 1064960K
  class space    used 1629K, capacity 1758K, committed 2048K, reserved 1048576K
}
Event: 2018.163 GC heap before
{Heap before GC invocations=249 (full 112):
 garbage-first heap   total 137216K, used 52443K [0x00000000c2c00000, 0x0000000100000000)
  region size 1024K, 1 young (1024K), 0 survivors (0K)
 Metaspace       used 17237K, capacity 17538K, committed 18432K, reserved 1064960K
  class space    used 1629K, capacity 1758K, committed 2048K, reserved 1048576K
}
Event: 2018.220 GC heap after
{Heap after GC invocations=250 (full 113):
 garbage-first heap   total 137216K, used 44251K [0x00000000c2c00000, 0x0000000100000000)
  region size 1024K, 0 young (0K), 0 survivors (0K)
 Metaspace       used 17237K, capacity 17538K, committed 18432K, reserved 1064960K
  class space    used 1629K, capacity 1758K, committed 2048K, reserved 1048576K
}
Event: 2018.486 GC heap before
{Heap before GC invocations=250 (full 113):
 garbage-first heap   total 137216K, used 48347K [0x00000000c2c00000, 0x0000000100000000)
  region size 1024K, 1 young (1024K), 0 survivors (0K)
 Metaspace       used 17237K, capacity 17538K, committed 18432K, reserved 1064960K
  class space    used 1629K, capacity 1758K, committed 2048K, reserved 1048576K
}
Event: 2018.523 GC heap after
{Heap after GC invocations=251 (full 114):
 garbage-first heap   total 137216K, used 44252K [0x00000000c2c00000, 0x0000000100000000)
  region size 1024K, 0 young (0K), 0 survivors (0K)
 Metaspace       used 17237K, capacity 17538K, committed 18432K, reserved 1064960K
  class space    used 1629K, capacity 1758K, committed 2048K, reserved 1048576K
}
Event: 2018.557 GC heap before
{Heap before GC invocations=251 (full 114):
 garbage-first heap   total 137216K, used 48348K [0x00000000c2c00000, 0x0000000100000000)
  region size 1024K, 1 young (1024K), 0 survivors (0K)
 Metaspace       used 17237K, capacity 17538K, committed 18432K, reserved 1064960K
  class space    used 1629K, capacity 1758K, committed 2048K, reserved 1048576K
}
Event: 2018.598 GC heap after
{Heap after GC invocations=252 (full 115):
 garbage-first heap   total 137216K, used 48348K [0x00000000c2c00000, 0x0000000100000000)
  region size 1024K, 0 young (0K), 0 survivors (0K)
 Metaspace       used 17237K, capacity 17538K, committed 18432K, reserved 1064960K
  class space    used 1629K, capacity 1758K, committed 2048K, reserved 1048576K
}
Event: 2018.710 GC heap before
{Heap before GC invocations=252 (full 115):
 garbage-first heap   total 137216K, used 60636K [0x00000000c2c00000, 0x0000000100000000)
  region size 1024K, 1 young (1024K), 0 survivors (0K)
 Metaspace       used 17237K, capacity 17538K, committed 18432K, reserved 1064960K
  class space    used 1629K, capacity 1758K, committed 2048K, reserved 1048576K
}

